{
  "stats": {
    "suites": 1,
    "tests": 1,
    "passes": 1,
    "pending": 0,
    "failures": 0,
    "start": "2023-12-08T05:54:31.346Z",
    "end": "2023-12-08T05:54:38.848Z",
    "duration": 7502,
    "testsRegistered": 1,
    "passPercent": 100,
    "pendingPercent": 0,
    "other": 0,
    "hasOther": false,
    "skipped": 0,
    "hasSkipped": false
  },
  "results": [
    {
      "uuid": "7809062d-a09c-4dc0-bc67-229ae0e287b3",
      "title": "",
      "fullFile": "cypress/e2e/UI/e2e.cy.js",
      "file": "cypress/e2e/UI/e2e.cy.js",
      "beforeHooks": [],
      "afterHooks": [],
      "tests": [],
      "suites": [
        {
          "uuid": "b2c41e98-c1c1-4ac7-b1e3-d8082788b675",
          "title": "Buy Items",
          "fullFile": "",
          "file": "",
          "beforeHooks": [],
          "afterHooks": [],
          "tests": [
            {
              "title": "TC-01: Buy Item",
              "fullTitle": "Buy Items TC-01: Buy Item",
              "timedOut": null,
              "duration": 5289,
              "state": "passed",
              "speed": "medium",
              "pass": true,
              "fail": false,
              "pending": false,
              "context": null,
              "code": "homePage.selectItem(this.data.firstTime).click();\n//Assert product has been added\ncy.on(\"window:alert\", text => {\n  expect(text).to.contains(\"Product added\");\n});\nproductPage.addToCart().click();\nnavBar.homeBtn().click();\nhomePage.selectItem(this.data.secondTime).click();\n//Assert product has been added\ncy.on(\"window:alert\", text => {\n  expect(text).to.contains(\"Product added\");\n});\nproductPage.addToCart().click();\nnavBar.cartBtn().click();\n//Assert added Items are Present\ncartPage.tableItemElement(1).should($el => {\n  const text = $el.text();\n  expect(text).to.satisfy(text => text === this.data.firstTime || text === this.data.secondTime);\n});\ncartPage.placeOrder().click();\ncartPage.nameTxtbox().type((0, _falso.randFullName)());\ncartPage.countryTxtbox().click();\ncartPage.countryTxtbox().type((0, _falso.randCountry)());\ncartPage.cityTxtbox().type((0, _falso.randCity)());\ncartPage.cardTxtbox().type((0, _falso.randCreditCardNumber)());\ncartPage.monthTxtbox().type((0, _falso.randMonth)());\ncartPage.yearTxtbox().type((0, _falso.randNumber)({\n  min: 1930,\n  max: 2005,\n  precision: 1\n}));\ncartPage.purchaseBtn().click();\ncartPage.titleH2().contains(\"Thank you for your purchase\");",
              "err": {},
              "uuid": "3b68b033-3e99-42e8-a0ca-ddcfdef24a81",
              "parentUUID": "b2c41e98-c1c1-4ac7-b1e3-d8082788b675",
              "isHook": false,
              "skipped": false
            }
          ],
          "suites": [],
          "passes": [
            "3b68b033-3e99-42e8-a0ca-ddcfdef24a81"
          ],
          "failures": [],
          "pending": [],
          "skipped": [],
          "duration": 5289,
          "root": false,
          "rootEmpty": false,
          "_timeout": 2000
        }
      ],
      "passes": [],
      "failures": [],
      "pending": [],
      "skipped": [],
      "duration": 0,
      "root": true,
      "rootEmpty": true,
      "_timeout": 2000
    }
  ],
  "meta": {
    "mocha": {
      "version": "7.0.1"
    },
    "mochawesome": {
      "options": {
        "quiet": false,
        "reportFilename": "report",
        "saveHtml": true,
        "saveJson": true,
        "consoleReporter": "spec",
        "useInlineDiffs": false,
        "code": true
      },
      "version": "7.1.3"
    },
    "marge": {
      "options": {
        "charts": true,
        "json": true,
        "reportsDir": "reports/your-reports-folder",
        "reportFilename": "report",
        "overwrite": false
      },
      "version": "6.2.0"
    }
  }
}