{
  "stats": {
    "suites": 1,
    "tests": 5,
    "passes": 5,
    "pending": 0,
    "failures": 0,
    "start": "2023-12-08T05:54:28.026Z",
    "end": "2023-12-08T05:54:29.298Z",
    "duration": 1272,
    "testsRegistered": 5,
    "passPercent": 100,
    "pendingPercent": 0,
    "other": 0,
    "hasOther": false,
    "skipped": 0,
    "hasSkipped": false
  },
  "results": [
    {
      "uuid": "51248ad1-6556-4181-9b80-4e92b64c46fb",
      "title": "",
      "fullFile": "cypress/e2e/API/api.cy.js",
      "file": "cypress/e2e/API/api.cy.js",
      "beforeHooks": [],
      "afterHooks": [],
      "tests": [],
      "suites": [
        {
          "uuid": "55c86fb2-92c1-457f-a1b2-e3094ffe1f9c",
          "title": "User Management",
          "fullFile": "",
          "file": "",
          "beforeHooks": [],
          "afterHooks": [],
          "tests": [
            {
              "title": "Create User",
              "fullTitle": "User Management Create User",
              "timedOut": null,
              "duration": 764,
              "state": "passed",
              "speed": "fast",
              "pass": true,
              "fail": false,
              "pending": false,
              "context": null,
              "code": "cy.api({\n  method: \"POST\",\n  url: `${Cypress.env(\"API_ENDPOINT\")}/user`,\n  body: {\n    id: idCode,\n    username: user.username,\n    firstName: user.firstName,\n    lastName: user.lastName,\n    email: user.email,\n    password: user.randPassword,\n    phone: user.phone,\n    userStatus: 0\n  }\n}).then(response => {\n  expect(response.status).to.be.equal(200);\n  expect(response.body.message).to.be.equal(idCode.toString());\n});",
              "err": {},
              "uuid": "b82226b0-8ee5-49c2-91f8-07f2ffebd5ed",
              "parentUUID": "55c86fb2-92c1-457f-a1b2-e3094ffe1f9c",
              "isHook": false,
              "skipped": false
            },
            {
              "title": "Search User",
              "fullTitle": "User Management Search User",
              "timedOut": null,
              "duration": 96,
              "state": "passed",
              "speed": "fast",
              "pass": true,
              "fail": false,
              "pending": false,
              "context": null,
              "code": "cy.api({\n  method: \"GET\",\n  url: `${Cypress.env(\"API_ENDPOINT\")}/user/${user.username}`\n}).then(response => {\n  expect(response.status).to.be.equal(200);\n  expect(response.body.id).to.be.equal(idCode);\n  expect(response.body.username).to.be.equal(user.username);\n  expect(response.body.firstName).to.be.equal(user.firstName);\n  expect(response.body.lastName).to.be.equal(user.lastName);\n  expect(response.body.email).to.be.equal(user.email);\n  expect(response.body.phone).to.be.equal(user.phone);\n});",
              "err": {},
              "uuid": "33833262-81cd-494c-a2fe-11609e5f11fd",
              "parentUUID": "55c86fb2-92c1-457f-a1b2-e3094ffe1f9c",
              "isHook": false,
              "skipped": false
            },
            {
              "title": "Modify User",
              "fullTitle": "User Management Modify User",
              "timedOut": null,
              "duration": 86,
              "state": "passed",
              "speed": "fast",
              "pass": true,
              "fail": false,
              "pending": false,
              "context": null,
              "code": "cy.api({\n  method: \"PUT\",\n  url: `${Cypress.env(\"API_ENDPOINT\")}/user/${user.username}`,\n  body: {\n    id: idCode,\n    username: user.username,\n    firstName: userNewInfo.firstName,\n    lastName: userNewInfo.lastName,\n    email: userNewInfo.email,\n    password: user.randPassword,\n    phone: user.phone,\n    userStatus: 0\n  }\n}).then(response => {\n  expect(response.status).to.be.equal(200);\n  expect(response.body.message).to.be.equal(idCode.toString());\n});",
              "err": {},
              "uuid": "5d0a7c85-2651-4b17-b9bc-f4028633b168",
              "parentUUID": "55c86fb2-92c1-457f-a1b2-e3094ffe1f9c",
              "isHook": false,
              "skipped": false
            },
            {
              "title": "Search Modified User",
              "fullTitle": "User Management Search Modified User",
              "timedOut": null,
              "duration": 90,
              "state": "passed",
              "speed": "fast",
              "pass": true,
              "fail": false,
              "pending": false,
              "context": null,
              "code": "cy.api({\n  method: \"GET\",\n  url: `${Cypress.env(\"API_ENDPOINT\")}/user/${user.username}`\n}).then(response => {\n  expect(response.status).to.be.equal(200);\n  expect(response.body.id).to.be.equal(idCode);\n  expect(response.body.username).to.be.equal(user.username);\n  expect(response.body.firstName).to.be.equal(userNewInfo.firstName);\n  expect(response.body.lastName).to.be.equal(userNewInfo.lastName);\n  expect(response.body.email).to.be.equal(userNewInfo.email);\n  expect(response.body.phone).to.be.equal(user.phone);\n});",
              "err": {},
              "uuid": "17e35614-6bb1-447c-9518-4cf7d2e233f9",
              "parentUUID": "55c86fb2-92c1-457f-a1b2-e3094ffe1f9c",
              "isHook": false,
              "skipped": false
            },
            {
              "title": "Delete User",
              "fullTitle": "User Management Delete User",
              "timedOut": null,
              "duration": 160,
              "state": "passed",
              "speed": "fast",
              "pass": true,
              "fail": false,
              "pending": false,
              "context": null,
              "code": "cy.api({\n  method: \"DELETE\",\n  url: `${Cypress.env(\"API_ENDPOINT\")}/user/${user.username}`\n}).then(response => {\n  expect(response.status).to.be.equal(200);\n  expect(response.body.message).to.be.equal(user.username);\n});\ncy.api({\n  method: \"GET\",\n  failOnStatusCode: false,\n  url: `${Cypress.env(\"API_ENDPOINT\")}/user/${user.username}`\n}).then(response => {\n  expect(response.status).to.be.equal(404);\n  expect(response.body.message).to.be.equal(\"User not found\");\n});",
              "err": {},
              "uuid": "ec1cadf7-69e2-4548-85cb-fd61ee5c06d2",
              "parentUUID": "55c86fb2-92c1-457f-a1b2-e3094ffe1f9c",
              "isHook": false,
              "skipped": false
            }
          ],
          "suites": [],
          "passes": [
            "b82226b0-8ee5-49c2-91f8-07f2ffebd5ed",
            "33833262-81cd-494c-a2fe-11609e5f11fd",
            "5d0a7c85-2651-4b17-b9bc-f4028633b168",
            "17e35614-6bb1-447c-9518-4cf7d2e233f9",
            "ec1cadf7-69e2-4548-85cb-fd61ee5c06d2"
          ],
          "failures": [],
          "pending": [],
          "skipped": [],
          "duration": 1196,
          "root": false,
          "rootEmpty": false,
          "_timeout": 2000
        }
      ],
      "passes": [],
      "failures": [],
      "pending": [],
      "skipped": [],
      "duration": 0,
      "root": true,
      "rootEmpty": true,
      "_timeout": 2000
    }
  ],
  "meta": {
    "mocha": {
      "version": "7.0.1"
    },
    "mochawesome": {
      "options": {
        "quiet": false,
        "reportFilename": "report",
        "saveHtml": true,
        "saveJson": true,
        "consoleReporter": "spec",
        "useInlineDiffs": false,
        "code": true
      },
      "version": "7.1.3"
    },
    "marge": {
      "options": {
        "charts": true,
        "json": true,
        "reportsDir": "reports/your-reports-folder",
        "reportFilename": "report",
        "overwrite": false
      },
      "version": "6.2.0"
    }
  }
}